0 info it worked if it ends with ok
1 verbose cli [ '/usr/local/bin/node',
1 verbose cli   '/usr/local/bin/npm',
1 verbose cli   'install',
1 verbose cli   'server.js' ]
2 info using npm@3.3.12
3 info using node@v5.5.0
4 silly loadCurrentTree Starting
5 silly install loadCurrentTree
6 silly install readLocalPackageData
7 silly fetchPackageMetaData server.js
8 silly fetchOtherPackageData server.js
9 silly cache add args [ 'server.js', null ]
10 verbose cache add spec server.js
11 silly cache add parsed spec Result {
11 silly cache add   raw: 'server.js',
11 silly cache add   scope: null,
11 silly cache add   name: null,
11 silly cache add   rawSpec: 'server.js',
11 silly cache add   spec: '/Users/buzzcrackle/Desktop/chimehack3/server/server.js',
11 silly cache add   type: 'local' }
12 silly addLocalTarball shasum (computed) 37a640ae4a7af4e3bf73354ccc91eb633829363b
13 verbose addTmpTarball /Users/buzzcrackle/Desktop/chimehack3/server/server.js not in flight; adding
14 verbose addTmpTarball validating metadata from /Users/buzzcrackle/Desktop/chimehack3/server/server.js
15 verbose tar unpack /Users/buzzcrackle/Desktop/chimehack3/server/server.js
16 verbose tar unpacking to /var/folders/3h/c63jblsd3mn8m3czq_jpzz0m0000gn/T/npm-705-2b83e418/unpack-678f6d801aa03a3aec69924d1588bc4f
17 silly gentlyRm /var/folders/3h/c63jblsd3mn8m3czq_jpzz0m0000gn/T/npm-705-2b83e418/unpack-678f6d801aa03a3aec69924d1588bc4f is being purged
18 verbose gentlyRm don't care about contents; nuking /var/folders/3h/c63jblsd3mn8m3czq_jpzz0m0000gn/T/npm-705-2b83e418/unpack-678f6d801aa03a3aec69924d1588bc4f
19 silly gunzTarPerm modes [ '755', '644' ]
20 error not a package /Users/buzzcrackle/Desktop/chimehack3/server/server.js
21 error addLocal Could not install /Users/buzzcrackle/Desktop/chimehack3/server/server.js
22 silly fetchPackageMetaData Error: ENOENT: no such file or directory, open '/var/folders/3h/c63jblsd3mn8m3czq_jpzz0m0000gn/T/npm-705-2b83e418/unpack-678f6d801aa03a3aec69924d1588bc4f/package.json'
22 silly fetchPackageMetaData     at Error (native)
22 silly fetchPackageMetaData  error for server.js { [Error: ENOENT: no such file or directory, open '/var/folders/3h/c63jblsd3mn8m3czq_jpzz0m0000gn/T/npm-705-2b83e418/unpack-678f6d801aa03a3aec69924d1588bc4f/package.json']
22 silly fetchPackageMetaData   errno: -2,
22 silly fetchPackageMetaData   code: 'ENOENT',
22 silly fetchPackageMetaData   syscall: 'open',
22 silly fetchPackageMetaData   path: '/var/folders/3h/c63jblsd3mn8m3czq_jpzz0m0000gn/T/npm-705-2b83e418/unpack-678f6d801aa03a3aec69924d1588bc4f/package.json' }
23 silly rollbackFailedOptional Starting
24 silly rollbackFailedOptional Finishing
25 silly runTopLevelLifecycles Starting
26 silly runTopLevelLifecycles Finishing
27 silly install printInstalled
28 verbose stack Error: ENOENT: no such file or directory, open '/var/folders/3h/c63jblsd3mn8m3czq_jpzz0m0000gn/T/npm-705-2b83e418/unpack-678f6d801aa03a3aec69924d1588bc4f/package.json'
28 verbose stack     at Error (native)
29 verbose cwd /Users/buzzcrackle/Desktop/chimehack3/server
30 error Darwin 15.6.0
31 error argv "/usr/local/bin/node" "/usr/local/bin/npm" "install" "server.js"
32 error node v5.5.0
33 error npm  v3.3.12
34 error path /var/folders/3h/c63jblsd3mn8m3czq_jpzz0m0000gn/T/npm-705-2b83e418/unpack-678f6d801aa03a3aec69924d1588bc4f/package.json
35 error code ENOENT
36 error errno -2
37 error syscall open
38 error enoent ENOENT: no such file or directory, open '/var/folders/3h/c63jblsd3mn8m3czq_jpzz0m0000gn/T/npm-705-2b83e418/unpack-678f6d801aa03a3aec69924d1588bc4f/package.json'
38 error enoent This is most likely not a problem with npm itself
38 error enoent and is related to npm not being able to find a file.
39 verbose exit [ -2, true ]
